# JRE version: OpenJDK Runtime Environment (8.0_292-b10) (build 1.8.0_292-8u292-b10-0ubuntu1~16.04.1-b10)
# Java VM: OpenJDK 64-Bit Server VM (25.292-b10 mixed mode linux-amd64 compressed oops)
Heap:
 PSYoungGen      total 156160K, used 62628K [0x00000000f5580000, 0x0000000100000000, 0x0000000100000000)
  eden space 139776K, 36% used [0x00000000f5580000,0x00000000f87048d0,0x00000000fde00000)
  from space 16384K, 72% used [0x00000000ff000000,0x00000000ffba47d0,0x0000000100000000)
  to   space 17408K, 0% used [0x00000000fde00000,0x00000000fde00000,0x00000000fef00000)
 ParOldGen       total 73728K, used 24082K [0x00000000e0000000, 0x00000000e4800000, 0x00000000f5580000)
  object space 73728K, 32% used [0x00000000e0000000,0x00000000e17849c8,0x00000000e4800000)
 Metaspace       used 107067K, capacity 116898K, committed 116940K, reserved 1150976K
  class space    used 14789K, capacity 15559K, committed 15564K, reserved 1048576K
GC Heap History (10 events):
Event: 20.218 GC heap before
{Heap before GC invocations=20 (full 3):
 PSYoungGen      total 153600K, used 153593K [0x00000000f5580000, 0x0000000100000000, 0x0000000100000000)
  eden space 142848K, 100% used [0x00000000f5580000,0x00000000fe100000,0x00000000fe100000)
  from space 10752K, 99% used [0x00000000ff580000,0x00000000ffffe5b8,0x0000000100000000)
  to   space 15872K, 0% used [0x00000000fe100000,0x00000000fe100000,0x00000000ff080000)
 ParOldGen       total 58880K, used 26071K [0x00000000e0000000, 0x00000000e3980000, 0x00000000f5580000)
  object space 58880K, 44% used [0x00000000e0000000,0x00000000e1975d88,0x00000000e3980000)
 Metaspace       used 89992K, capacity 96341K, committed 96640K, reserved 1132544K
  class space    used 12370K, capacity 12839K, committed 12928K, reserved 1048576K
Event: 20.241 GC heap after
Heap after GC invocations=20 (full 3):
 PSYoungGen      total 158720K, used 8809K [0x00000000f5580000, 0x0000000100000000, 0x0000000100000000)
  eden space 142848K, 0% used [0x00000000f5580000,0x00000000f5580000,0x00000000fe100000)
  from space 15872K, 55% used [0x00000000fe100000,0x00000000fe99a650,0x00000000ff080000)
  to   space 15360K, 0% used [0x00000000ff100000,0x00000000ff100000,0x0000000100000000)
 ParOldGen       total 58880K, used 29004K [0x00000000e0000000, 0x00000000e3980000, 0x00000000f5580000)
  object space 58880K, 49% used [0x00000000e0000000,0x00000000e1c53108,0x00000000e3980000)
 Metaspace       used 89992K, capacity 96341K, committed 96640K, reserved 1132544K
  class space    used 12370K, capacity 12839K, committed 12928K, reserved 1048576K
}
Event: 20.537 GC heap before
{Heap before GC invocations=21 (full 3):
 PSYoungGen      total 158720K, used 30509K [0x00000000f5580000, 0x0000000100000000, 0x0000000100000000)
  eden space 142848K, 15% used [0x00000000f5580000,0x00000000f6ab0fd0,0x00000000fe100000)
  from space 15872K, 55% used [0x00000000fe100000,0x00000000fe99a650,0x00000000ff080000)
  to   space 15360K, 0% used [0x00000000ff100000,0x00000000ff100000,0x0000000100000000)
 ParOldGen       total 58880K, used 29004K [0x00000000e0000000, 0x00000000e3980000, 0x00000000f5580000)
  object space 58880K, 49% used [0x00000000e0000000,0x00000000e1c53108,0x00000000e3980000)
 Metaspace       used 91854K, capacity 98328K, committed 98380K, reserved 1134592K
  class space    used 12582K, capacity 13080K, committed 13132K, reserved 1048576K
Event: 20.545 GC heap after
Heap after GC invocations=21 (full 3):
 PSYoungGen      total 158208K, used 1811K [0x00000000f5580000, 0x0000000100000000, 0x0000000100000000)
  eden space 142848K, 0% used [0x00000000f5580000,0x00000000f5580000,0x00000000fe100000)
  from space 15360K, 11% used [0x00000000ff100000,0x00000000ff2c4ff8,0x0000000100000000)
  to   space 15872K, 0% used [0x00000000fe100000,0x00000000fe100000,0x00000000ff080000)
 ParOldGen       total 58880K, used 30812K [0x00000000e0000000, 0x00000000e3980000, 0x00000000f5580000)
  object space 58880K, 52% used [0x00000000e0000000,0x00000000e1e171e0,0x00000000e3980000)
 Metaspace       used 91854K, capacity 98328K, committed 98380K, reserved 1134592K
  class space    used 12582K, capacity 13080K, committed 13132K, reserved 1048576K
}
Event: 20.545 GC heap before
{Heap before GC invocations=22 (full 4):
 PSYoungGen      total 158208K, used 1811K [0x00000000f5580000, 0x0000000100000000, 0x0000000100000000)
  eden space 142848K, 0% used [0x00000000f5580000,0x00000000f5580000,0x00000000fe100000)
  from space 15360K, 11% used [0x00000000ff100000,0x00000000ff2c4ff8,0x0000000100000000)
  to   space 15872K, 0% used [0x00000000fe100000,0x00000000fe100000,0x00000000ff080000)
 ParOldGen       total 58880K, used 30812K [0x00000000e0000000, 0x00000000e3980000, 0x00000000f5580000)
  object space 58880K, 52% used [0x00000000e0000000,0x00000000e1e171e0,0x00000000e3980000)
 Metaspace       used 91854K, capacity 98328K, committed 98380K, reserved 1134592K
  class space    used 12582K, capacity 13080K, committed 13132K, reserved 1048576K
Event: 20.669 GC heap after
Heap after GC invocations=22 (full 4):
 PSYoungGen      total 158208K, used 0K [0x00000000f5580000, 0x0000000100000000, 0x0000000100000000)
  eden space 142848K, 0% used [0x00000000f5580000,0x00000000f5580000,0x00000000fe100000)
  from space 15360K, 0% used [0x00000000ff100000,0x00000000ff100000,0x0000000100000000)
  to   space 15872K, 0% used [0x00000000fe100000,0x00000000fe100000,0x00000000ff080000)
 ParOldGen       total 73728K, used 24082K [0x00000000e0000000, 0x00000000e4800000, 0x00000000f5580000)
  object space 73728K, 32% used [0x00000000e0000000,0x00000000e17849c8,0x00000000e4800000)
 Metaspace       used 91854K, capacity 98328K, committed 98380K, reserved 1134592K
  class space    used 12582K, capacity 13080K, committed 13132K, reserved 1048576K
}
Event: 30.693 GC heap before
{Heap before GC invocations=23 (full 4):
 PSYoungGen      total 158208K, used 142848K [0x00000000f5580000, 0x0000000100000000, 0x0000000100000000)
  eden space 142848K, 100% used [0x00000000f5580000,0x00000000fe100000,0x00000000fe100000)
  from space 15360K, 0% used [0x00000000ff100000,0x00000000ff100000,0x0000000100000000)
  to   space 15872K, 0% used [0x00000000fe100000,0x00000000fe100000,0x00000000ff080000)
 ParOldGen       total 73728K, used 24082K [0x00000000e0000000, 0x00000000e4800000, 0x00000000f5580000)
  object space 73728K, 32% used [0x00000000e0000000,0x00000000e17849c8,0x00000000e4800000)
 Metaspace       used 100768K, capacity 109468K, committed 109772K, reserved 1144832K
  class space    used 13992K, capacity 14682K, committed 14796K, reserved 1048576K
Event: 30.711 GC heap after
Heap after GC invocations=23 (full 4):
 PSYoungGen      total 154112K, used 10786K [0x00000000f5580000, 0x0000000100000000, 0x0000000100000000)
  eden space 142848K, 0% used [0x00000000f5580000,0x00000000f5580000,0x00000000fe100000)
  from space 11264K, 95% used [0x00000000fe100000,0x00000000feb88bf8,0x00000000fec00000)
  to   space 16384K, 0% used [0x00000000ff000000,0x00000000ff000000,0x0000000100000000)
 ParOldGen       total 73728K, used 24082K [0x00000000e0000000, 0x00000000e4800000, 0x00000000f5580000)
  object space 73728K, 32% used [0x00000000e0000000,0x00000000e17849c8,0x00000000e4800000)
 Metaspace       used 100768K, capacity 109468K, committed 109772K, reserved 1144832K
  class space    used 13992K, capacity 14682K, committed 14796K, reserved 1048576K
}
Event: 63.161 GC heap before
{Heap before GC invocations=24 (full 4):
 PSYoungGen      total 154112K, used 153634K [0x00000000f5580000, 0x0000000100000000, 0x0000000100000000)
  eden space 142848K, 100% used [0x00000000f5580000,0x00000000fe100000,0x00000000fe100000)
  from space 11264K, 95% used [0x00000000fe100000,0x00000000feb88bf8,0x00000000fec00000)
  to   space 16384K, 0% used [0x00000000ff000000,0x00000000ff000000,0x0000000100000000)
 ParOldGen       total 73728K, used 24082K [0x00000000e0000000, 0x00000000e4800000, 0x00000000f5580000)
  object space 73728K, 32% used [0x00000000e0000000,0x00000000e17849c8,0x00000000e4800000)
 Metaspace       used 106494K, capacity 116356K, committed 116428K, reserved 1150976K
  class space    used 14782K, capacity 15552K, committed 15564K, reserved 1048576K
Event: 63.200 GC heap after
Heap after GC invocations=24 (full 4):
 PSYoungGen      total 156160K, used 11921K [0x00000000f5580000, 0x0000000100000000, 0x0000000100000000)
  eden space 139776K, 0% used [0x00000000f5580000,0x00000000f5580000,0x00000000fde00000)
  from space 16384K, 72% used [0x00000000ff000000,0x00000000ffba47d0,0x0000000100000000)
  to   space 17408K, 0% used [0x00000000fde00000,0x00000000fde00000,0x00000000fef00000)
 ParOldGen       total 73728K, used 24082K [0x00000000e0000000, 0x00000000e4800000, 0x00000000f5580000)
  object space 73728K, 32% used [0x00000000e0000000,0x00000000e17849c8,0x00000000e4800000)
 Metaspace       used 106494K, capacity 116356K, committed 116428K, reserved 1150976K
  class space    used 14782K, capacity 15552K, committed 15564K, reserved 1048576K
}

