# JRE version: OpenJDK Runtime Environment (8.0_292-b10) (build 1.8.0_292-8u292-b10-0ubuntu1~16.04.1-b10)
# Java VM: OpenJDK 64-Bit Server VM (25.292-b10 mixed mode linux-amd64 compressed oops)
Heap:
 PSYoungGen      total 156672K, used 17897K [0x00000000f5580000, 0x00000000fff80000, 0x0000000100000000)
  eden space 139264K, 5% used [0x00000000f5580000,0x00000000f5cde3e0,0x00000000fdd80000)
  from space 17408K, 59% used [0x00000000fdd80000,0x00000000fe79c118,0x00000000fee80000)
  to   space 17408K, 0% used [0x00000000fee80000,0x00000000fee80000,0x00000000fff80000)
 ParOldGen       total 90112K, used 24652K [0x00000000e0000000, 0x00000000e5800000, 0x00000000f5580000)
  object space 90112K, 27% used [0x00000000e0000000,0x00000000e18130b0,0x00000000e5800000)
 Metaspace       used 100943K, capacity 109719K, committed 109772K, reserved 1144832K
  class space    used 14041K, capacity 14744K, committed 14796K, reserved 1048576K
GC Heap History (10 events):
Event: 16.412 GC heap before
{Heap before GC invocations=15 (full 3):
 PSYoungGen      total 158720K, used 158342K [0x00000000f5580000, 0x0000000100000000, 0x0000000100000000)
  eden space 146432K, 100% used [0x00000000f5580000,0x00000000fe480000,0x00000000fe480000)
  from space 12288K, 96% used [0x00000000fe480000,0x00000000ff021818,0x00000000ff080000)
  to   space 14848K, 0% used [0x00000000ff180000,0x00000000ff180000,0x0000000100000000)
 ParOldGen       total 67584K, used 16438K [0x00000000e0000000, 0x00000000e4200000, 0x00000000f5580000)
  object space 67584K, 24% used [0x00000000e0000000,0x00000000e100dbc8,0x00000000e4200000)
 Metaspace       used 80290K, capacity 85129K, committed 85248K, reserved 1124352K
  class space    used 10812K, capacity 11252K, committed 11264K, reserved 1048576K
Event: 16.438 GC heap after
Heap after GC invocations=15 (full 3):
 PSYoungGen      total 155648K, used 14360K [0x00000000f5580000, 0x0000000100000000, 0x0000000100000000)
  eden space 140800K, 0% used [0x00000000f5580000,0x00000000f5580000,0x00000000fdf00000)
  from space 14848K, 96% used [0x00000000ff180000,0x00000000fff860e0,0x0000000100000000)
  to   space 16896K, 0% used [0x00000000fdf00000,0x00000000fdf00000,0x00000000fef80000)
 ParOldGen       total 67584K, used 16438K [0x00000000e0000000, 0x00000000e4200000, 0x00000000f5580000)
  object space 67584K, 24% used [0x00000000e0000000,0x00000000e100dbc8,0x00000000e4200000)
 Metaspace       used 80290K, capacity 85129K, committed 85248K, reserved 1124352K
  class space    used 10812K, capacity 11252K, committed 11264K, reserved 1048576K
}
Event: 18.743 GC heap before
{Heap before GC invocations=16 (full 3):
 PSYoungGen      total 155648K, used 155160K [0x00000000f5580000, 0x0000000100000000, 0x0000000100000000)
  eden space 140800K, 100% used [0x00000000f5580000,0x00000000fdf00000,0x00000000fdf00000)
  from space 14848K, 96% used [0x00000000ff180000,0x00000000fff860e0,0x0000000100000000)
  to   space 16896K, 0% used [0x00000000fdf00000,0x00000000fdf00000,0x00000000fef80000)
 ParOldGen       total 67584K, used 16438K [0x00000000e0000000, 0x00000000e4200000, 0x00000000f5580000)
  object space 67584K, 24% used [0x00000000e0000000,0x00000000e100dbc8,0x00000000e4200000)
 Metaspace       used 88768K, capacity 94901K, committed 94976K, reserved 1132544K
  class space    used 12066K, capacity 12543K, committed 12544K, reserved 1048576K
Event: 18.761 GC heap after
Heap after GC invocations=16 (full 3):
 PSYoungGen      total 155136K, used 14115K [0x00000000f5580000, 0x0000000100000000, 0x0000000100000000)
  eden space 140800K, 0% used [0x00000000f5580000,0x00000000f5580000,0x00000000fdf00000)
  from space 14336K, 98% used [0x00000000fdf00000,0x00000000fecc8ea8,0x00000000fed00000)
  to   space 17920K, 0% used [0x00000000fee80000,0x00000000fee80000,0x0000000100000000)
 ParOldGen       total 67584K, used 16454K [0x00000000e0000000, 0x00000000e4200000, 0x00000000f5580000)
  object space 67584K, 24% used [0x00000000e0000000,0x00000000e1011bc8,0x00000000e4200000)
 Metaspace       used 88768K, capacity 94901K, committed 94976K, reserved 1132544K
  class space    used 12066K, capacity 12543K, committed 12544K, reserved 1048576K
}
Event: 19.266 GC heap before
{Heap before GC invocations=17 (full 3):
 PSYoungGen      total 155136K, used 53685K [0x00000000f5580000, 0x0000000100000000, 0x0000000100000000)
  eden space 140800K, 28% used [0x00000000f5580000,0x00000000f7c24750,0x00000000fdf00000)
  from space 14336K, 98% used [0x00000000fdf00000,0x00000000fecc8ea8,0x00000000fed00000)
  to   space 17920K, 0% used [0x00000000fee80000,0x00000000fee80000,0x0000000100000000)
 ParOldGen       total 67584K, used 16454K [0x00000000e0000000, 0x00000000e4200000, 0x00000000f5580000)
  object space 67584K, 24% used [0x00000000e0000000,0x00000000e1011bc8,0x00000000e4200000)
 Metaspace       used 91891K, capacity 98321K, committed 98380K, reserved 1134592K
  class space    used 12577K, capacity 13078K, committed 13132K, reserved 1048576K
Event: 19.285 GC heap after
Heap after GC invocations=17 (full 3):
 PSYoungGen      total 157184K, used 9947K [0x00000000f5580000, 0x0000000100000000, 0x0000000100000000)
  eden space 139264K, 0% used [0x00000000f5580000,0x00000000f5580000,0x00000000fdd80000)
  from space 17920K, 55% used [0x00000000fee80000,0x00000000ff836e28,0x0000000100000000)
  to   space 17408K, 0% used [0x00000000fdd80000,0x00000000fdd80000,0x00000000fee80000)
 ParOldGen       total 67584K, used 16462K [0x00000000e0000000, 0x00000000e4200000, 0x00000000f5580000)
  object space 67584K, 24% used [0x00000000e0000000,0x00000000e1013bc8,0x00000000e4200000)
 Metaspace       used 91891K, capacity 98321K, committed 98380K, reserved 1134592K
  class space    used 12577K, capacity 13078K, committed 13132K, reserved 1048576K
}
Event: 19.285 GC heap before
{Heap before GC invocations=18 (full 4):
 PSYoungGen      total 157184K, used 9947K [0x00000000f5580000, 0x0000000100000000, 0x0000000100000000)
  eden space 139264K, 0% used [0x00000000f5580000,0x00000000f5580000,0x00000000fdd80000)
  from space 17920K, 55% used [0x00000000fee80000,0x00000000ff836e28,0x0000000100000000)
  to   space 17408K, 0% used [0x00000000fdd80000,0x00000000fdd80000,0x00000000fee80000)
 ParOldGen       total 67584K, used 16462K [0x00000000e0000000, 0x00000000e4200000, 0x00000000f5580000)
  object space 67584K, 24% used [0x00000000e0000000,0x00000000e1013bc8,0x00000000e4200000)
 Metaspace       used 91891K, capacity 98321K, committed 98380K, reserved 1134592K
  class space    used 12577K, capacity 13078K, committed 13132K, reserved 1048576K
Event: 19.439 GC heap after
Heap after GC invocations=18 (full 4):
 PSYoungGen      total 157184K, used 0K [0x00000000f5580000, 0x0000000100000000, 0x0000000100000000)
  eden space 139264K, 0% used [0x00000000f5580000,0x00000000f5580000,0x00000000fdd80000)
  from space 17920K, 0% used [0x00000000fee80000,0x00000000fee80000,0x0000000100000000)
  to   space 17408K, 0% used [0x00000000fdd80000,0x00000000fdd80000,0x00000000fee80000)
 ParOldGen       total 90112K, used 24644K [0x00000000e0000000, 0x00000000e5800000, 0x00000000f5580000)
  object space 90112K, 27% used [0x00000000e0000000,0x00000000e18110b0,0x00000000e5800000)
 Metaspace       used 91891K, capacity 98321K, committed 98380K, reserved 1134592K
  class space    used 12577K, capacity 13078K, committed 13132K, reserved 1048576K
}
Event: 33.118 GC heap before
{Heap before GC invocations=19 (full 4):
 PSYoungGen      total 157184K, used 139264K [0x00000000f5580000, 0x0000000100000000, 0x0000000100000000)
  eden space 139264K, 100% used [0x00000000f5580000,0x00000000fdd80000,0x00000000fdd80000)
  from space 17920K, 0% used [0x00000000fee80000,0x00000000fee80000,0x0000000100000000)
  to   space 17408K, 0% used [0x00000000fdd80000,0x00000000fdd80000,0x00000000fee80000)
 ParOldGen       total 90112K, used 24644K [0x00000000e0000000, 0x00000000e5800000, 0x00000000f5580000)
  object space 90112K, 27% used [0x00000000e0000000,0x00000000e18110b0,0x00000000e5800000)
 Metaspace       used 100531K, capacity 109145K, committed 109388K, reserved 1144832K
  class space    used 13970K, capacity 14662K, committed 14668K, reserved 1048576K
Event: 33.172 GC heap after
Heap after GC invocations=19 (full 4):
 PSYoungGen      total 156672K, used 10352K [0x00000000f5580000, 0x00000000fff80000, 0x0000000100000000)
  eden space 139264K, 0% used [0x00000000f5580000,0x00000000f5580000,0x00000000fdd80000)
  from space 17408K, 59% used [0x00000000fdd80000,0x00000000fe79c118,0x00000000fee80000)
  to   space 17408K, 0% used [0x00000000fee80000,0x00000000fee80000,0x00000000fff80000)
 ParOldGen       total 90112K, used 24652K [0x00000000e0000000, 0x00000000e5800000, 0x00000000f5580000)
  object space 90112K, 27% used [0x00000000e0000000,0x00000000e18130b0,0x00000000e5800000)
 Metaspace       used 100531K, capacity 109145K, committed 109388K, reserved 1144832K
  class space    used 13970K, capacity 14662K, committed 14668K, reserved 1048576K
}

