# JRE version: OpenJDK Runtime Environment (8.0_292-b10) (build 1.8.0_292-8u292-b10-0ubuntu1~16.04.1-b10)
# Java VM: OpenJDK 64-Bit Server VM (25.292-b10 mixed mode linux-amd64 compressed oops)
Heap:
 PSYoungGen      total 155648K, used 34934K [0x00000000f5580000, 0x00000000fff80000, 0x0000000100000000)
  eden space 137728K, 17% used [0x00000000f5580000,0x00000000f6d5d8e0,0x00000000fdc00000)
  from space 17920K, 58% used [0x00000000fdc00000,0x00000000fe640230,0x00000000fed80000)
  to   space 17408K, 0% used [0x00000000fee80000,0x00000000fee80000,0x00000000fff80000)
 ParOldGen       total 103936K, used 24843K [0x00000000e0000000, 0x00000000e6580000, 0x00000000f5580000)
  object space 103936K, 23% used [0x00000000e0000000,0x00000000e1842c30,0x00000000e6580000)
 Metaspace       used 108478K, capacity 118675K, committed 118912K, reserved 1153024K
  class space    used 14940K, capacity 15705K, committed 15744K, reserved 1048576K
GC Heap History (10 events):
Event: 15.637 GC heap before
{Heap before GC invocations=17 (full 3):
 PSYoungGen      total 155136K, used 53920K [0x00000000f5580000, 0x0000000100000000, 0x0000000100000000)
  eden space 140800K, 28% used [0x00000000f5580000,0x00000000f7c512d0,0x00000000fdf00000)
  from space 14336K, 98% used [0x00000000fdf00000,0x00000000fecd6d60,0x00000000fed00000)
  to   space 18432K, 0% used [0x00000000fee00000,0x00000000fee00000,0x0000000100000000)
 ParOldGen       total 77312K, used 16771K [0x00000000e0000000, 0x00000000e4b80000, 0x00000000f5580000)
  object space 77312K, 21% used [0x00000000e0000000,0x00000000e1060c80,0x00000000e4b80000)
 Metaspace       used 91892K, capacity 98373K, committed 98380K, reserved 1134592K
  class space    used 12568K, capacity 13050K, committed 13056K, reserved 1048576K
Event: 15.651 GC heap after
Heap after GC invocations=17 (full 3):
 PSYoungGen      total 156672K, used 9905K [0x00000000f5580000, 0x0000000100000000, 0x0000000100000000)
  eden space 138240K, 0% used [0x00000000f5580000,0x00000000f5580000,0x00000000fdc80000)
  from space 18432K, 53% used [0x00000000fee00000,0x00000000ff7ac550,0x0000000100000000)
  to   space 17920K, 0% used [0x00000000fdc80000,0x00000000fdc80000,0x00000000fee00000)
 ParOldGen       total 77312K, used 16779K [0x00000000e0000000, 0x00000000e4b80000, 0x00000000f5580000)
  object space 77312K, 21% used [0x00000000e0000000,0x00000000e1062c80,0x00000000e4b80000)
 Metaspace       used 91892K, capacity 98373K, committed 98380K, reserved 1134592K
  class space    used 12568K, capacity 13050K, committed 13056K, reserved 1048576K
}
Event: 15.651 GC heap before
{Heap before GC invocations=18 (full 4):
 PSYoungGen      total 156672K, used 9905K [0x00000000f5580000, 0x0000000100000000, 0x0000000100000000)
  eden space 138240K, 0% used [0x00000000f5580000,0x00000000f5580000,0x00000000fdc80000)
  from space 18432K, 53% used [0x00000000fee00000,0x00000000ff7ac550,0x0000000100000000)
  to   space 17920K, 0% used [0x00000000fdc80000,0x00000000fdc80000,0x00000000fee00000)
 ParOldGen       total 77312K, used 16779K [0x00000000e0000000, 0x00000000e4b80000, 0x00000000f5580000)
  object space 77312K, 21% used [0x00000000e0000000,0x00000000e1062c80,0x00000000e4b80000)
 Metaspace       used 91892K, capacity 98373K, committed 98380K, reserved 1134592K
  class space    used 12568K, capacity 13050K, committed 13056K, reserved 1048576K
Event: 15.767 GC heap after
Heap after GC invocations=18 (full 4):
 PSYoungGen      total 156672K, used 0K [0x00000000f5580000, 0x0000000100000000, 0x0000000100000000)
  eden space 138240K, 0% used [0x00000000f5580000,0x00000000f5580000,0x00000000fdc80000)
  from space 18432K, 0% used [0x00000000fee00000,0x00000000fee00000,0x0000000100000000)
  to   space 17920K, 0% used [0x00000000fdc80000,0x00000000fdc80000,0x00000000fee00000)
 ParOldGen       total 103936K, used 24819K [0x00000000e0000000, 0x00000000e6580000, 0x00000000f5580000)
  object space 103936K, 23% used [0x00000000e0000000,0x00000000e183cc30,0x00000000e6580000)
 Metaspace       used 91892K, capacity 98373K, committed 98380K, reserved 1134592K
  class space    used 12568K, capacity 13050K, committed 13056K, reserved 1048576K
}
Event: 24.910 GC heap before
{Heap before GC invocations=19 (full 4):
 PSYoungGen      total 156672K, used 138240K [0x00000000f5580000, 0x0000000100000000, 0x0000000100000000)
  eden space 138240K, 100% used [0x00000000f5580000,0x00000000fdc80000,0x00000000fdc80000)
  from space 18432K, 0% used [0x00000000fee00000,0x00000000fee00000,0x0000000100000000)
  to   space 17920K, 0% used [0x00000000fdc80000,0x00000000fdc80000,0x00000000fee00000)
 ParOldGen       total 103936K, used 24819K [0x00000000e0000000, 0x00000000e6580000, 0x00000000f5580000)
  object space 103936K, 23% used [0x00000000e0000000,0x00000000e183cc30,0x00000000e6580000)
 Metaspace       used 100537K, capacity 109183K, committed 109440K, reserved 1144832K
  class space    used 13988K, capacity 14673K, committed 14720K, reserved 1048576K
Event: 24.930 GC heap after
Heap after GC invocations=19 (full 4):
 PSYoungGen      total 148992K, used 10468K [0x00000000f5580000, 0x00000000ffe80000, 0x0000000100000000)
  eden space 138240K, 0% used [0x00000000f5580000,0x00000000f5580000,0x00000000fdc80000)
  from space 10752K, 97% used [0x00000000fdc80000,0x00000000fe6b9020,0x00000000fe700000)
  to   space 17408K, 0% used [0x00000000fed80000,0x00000000fed80000,0x00000000ffe80000)
 ParOldGen       total 103936K, used 24827K [0x00000000e0000000, 0x00000000e6580000, 0x00000000f5580000)
  object space 103936K, 23% used [0x00000000e0000000,0x00000000e183ec30,0x00000000e6580000)
 Metaspace       used 100537K, capacity 109183K, committed 109440K, reserved 1144832K
  class space    used 13988K, capacity 14673K, committed 14720K, reserved 1048576K
}
Event: 26.934 GC heap before
{Heap before GC invocations=20 (full 4):
 PSYoungGen      total 148992K, used 144773K [0x00000000f5580000, 0x00000000ffe80000, 0x0000000100000000)
  eden space 138240K, 97% used [0x00000000f5580000,0x00000000fd8a84a0,0x00000000fdc80000)
  from space 10752K, 97% used [0x00000000fdc80000,0x00000000fe6b9020,0x00000000fe700000)
  to   space 17408K, 0% used [0x00000000fed80000,0x00000000fed80000,0x00000000ffe80000)
 ParOldGen       total 103936K, used 24827K [0x00000000e0000000, 0x00000000e6580000, 0x00000000f5580000)
  object space 103936K, 23% used [0x00000000e0000000,0x00000000e183ec30,0x00000000e6580000)
 Metaspace       used 106402K, capacity 116387K, committed 116480K, reserved 1150976K
  class space    used 14850K, capacity 15606K, committed 15616K, reserved 1048576K
Event: 26.951 GC heap after
Heap after GC invocations=20 (full 4):
 PSYoungGen      total 155136K, used 12224K [0x00000000f5580000, 0x0000000100000000, 0x0000000100000000)
  eden space 137728K, 0% used [0x00000000f5580000,0x00000000f5580000,0x00000000fdc00000)
  from space 17408K, 70% used [0x00000000fed80000,0x00000000ff970198,0x00000000ffe80000)
  to   space 17920K, 0% used [0x00000000fdc00000,0x00000000fdc00000,0x00000000fed80000)
 ParOldGen       total 103936K, used 24835K [0x00000000e0000000, 0x00000000e6580000, 0x00000000f5580000)
  object space 103936K, 23% used [0x00000000e0000000,0x00000000e1840c30,0x00000000e6580000)
 Metaspace       used 106402K, capacity 116387K, committed 116480K, reserved 1150976K
  class space    used 14850K, capacity 15606K, committed 15616K, reserved 1048576K
}
Event: 39.698 GC heap before
{Heap before GC invocations=21 (full 4):
 PSYoungGen      total 155136K, used 149952K [0x00000000f5580000, 0x0000000100000000, 0x0000000100000000)
  eden space 137728K, 100% used [0x00000000f5580000,0x00000000fdc00000,0x00000000fdc00000)
  from space 17408K, 70% used [0x00000000fed80000,0x00000000ff970198,0x00000000ffe80000)
  to   space 17920K, 0% used [0x00000000fdc00000,0x00000000fdc00000,0x00000000fed80000)
 ParOldGen       total 103936K, used 24835K [0x00000000e0000000, 0x00000000e6580000, 0x00000000f5580000)
  object space 103936K, 23% used [0x00000000e0000000,0x00000000e1840c30,0x00000000e6580000)
 Metaspace       used 108406K, capacity 118611K, committed 118656K, reserved 1153024K
  class space    used 14940K, capacity 15705K, committed 15744K, reserved 1048576K
Event: 39.717 GC heap after
Heap after GC invocations=21 (full 4):
 PSYoungGen      total 155648K, used 10496K [0x00000000f5580000, 0x00000000fff80000, 0x0000000100000000)
  eden space 137728K, 0% used [0x00000000f5580000,0x00000000f5580000,0x00000000fdc00000)
  from space 17920K, 58% used [0x00000000fdc00000,0x00000000fe640230,0x00000000fed80000)
  to   space 17408K, 0% used [0x00000000fee80000,0x00000000fee80000,0x00000000fff80000)
 ParOldGen       total 103936K, used 24843K [0x00000000e0000000, 0x00000000e6580000, 0x00000000f5580000)
  object space 103936K, 23% used [0x00000000e0000000,0x00000000e1842c30,0x00000000e6580000)
 Metaspace       used 108406K, capacity 118611K, committed 118656K, reserved 1153024K
  class space    used 14940K, capacity 15705K, committed 15744K, reserved 1048576K
}

