# JRE version: OpenJDK Runtime Environment (8.0_292-b10) (build 1.8.0_292-8u292-b10-0ubuntu1~16.04.1-b10)
# Java VM: OpenJDK 64-Bit Server VM (25.292-b10 mixed mode linux-amd64 compressed oops)
Heap:
 PSYoungGen      total 157184K, used 37212K [0x00000000f5580000, 0x0000000100000000, 0x0000000100000000)
  eden space 141824K, 17% used [0x00000000f5580000,0x00000000f6e326b8,0x00000000fe000000)
  from space 15360K, 77% used [0x00000000ff100000,0x00000000ffca4a08,0x0000000100000000)
  to   space 16384K, 0% used [0x00000000fe000000,0x00000000fe000000,0x00000000ff000000)
 ParOldGen       total 93184K, used 24660K [0x00000000e0000000, 0x00000000e5b00000, 0x00000000f5580000)
  object space 93184K, 26% used [0x00000000e0000000,0x00000000e1815208,0x00000000e5b00000)
 Metaspace       used 106861K, capacity 116721K, committed 116952K, reserved 1150976K
  class space    used 14783K, capacity 15552K, committed 15616K, reserved 1048576K
GC Heap History (10 events):
Event: 17.927 GC heap before
{Heap before GC invocations=18 (full 3):
 PSYoungGen      total 158720K, used 157659K [0x00000000f5580000, 0x0000000100000000, 0x0000000100000000)
  eden space 145920K, 100% used [0x00000000f5580000,0x00000000fe400000,0x00000000fe400000)
  from space 12800K, 91% used [0x00000000ff380000,0x00000000ffef6f98,0x0000000100000000)
  to   space 14336K, 0% used [0x00000000fe400000,0x00000000fe400000,0x00000000ff200000)
 ParOldGen       total 70656K, used 21898K [0x00000000e0000000, 0x00000000e4500000, 0x00000000f5580000)
  object space 70656K, 30% used [0x00000000e0000000,0x00000000e1562828,0x00000000e4500000)
 Metaspace       used 89205K, capacity 95379K, committed 95704K, reserved 1132544K
  class space    used 12217K, capacity 12686K, committed 12800K, reserved 1048576K
Event: 17.941 GC heap after
Heap after GC invocations=18 (full 3):
 PSYoungGen      total 158208K, used 12001K [0x00000000f5580000, 0x0000000100000000, 0x0000000100000000)
  eden space 145920K, 0% used [0x00000000f5580000,0x00000000f5580000,0x00000000fe400000)
  from space 12288K, 97% used [0x00000000fe400000,0x00000000fefb8500,0x00000000ff000000)
  to   space 15360K, 0% used [0x00000000ff100000,0x00000000ff100000,0x0000000100000000)
 ParOldGen       total 70656K, used 21906K [0x00000000e0000000, 0x00000000e4500000, 0x00000000f5580000)
  object space 70656K, 31% used [0x00000000e0000000,0x00000000e1564828,0x00000000e4500000)
 Metaspace       used 89205K, capacity 95379K, committed 95704K, reserved 1132544K
  class space    used 12217K, capacity 12686K, committed 12800K, reserved 1048576K
}
Event: 18.329 GC heap before
{Heap before GC invocations=19 (full 3):
 PSYoungGen      total 158208K, used 50942K [0x00000000f5580000, 0x0000000100000000, 0x0000000100000000)
  eden space 145920K, 26% used [0x00000000f5580000,0x00000000f7b874c8,0x00000000fe400000)
  from space 12288K, 97% used [0x00000000fe400000,0x00000000fefb8500,0x00000000ff000000)
  to   space 15360K, 0% used [0x00000000ff100000,0x00000000ff100000,0x0000000100000000)
 ParOldGen       total 70656K, used 21906K [0x00000000e0000000, 0x00000000e4500000, 0x00000000f5580000)
  object space 70656K, 31% used [0x00000000e0000000,0x00000000e1564828,0x00000000e4500000)
 Metaspace       used 91921K, capacity 98393K, committed 98496K, reserved 1134592K
  class space    used 12588K, capacity 13082K, committed 13184K, reserved 1048576K
Event: 18.340 GC heap after
Heap after GC invocations=19 (full 3):
 PSYoungGen      total 159744K, used 7186K [0x00000000f5580000, 0x0000000100000000, 0x0000000100000000)
  eden space 144384K, 0% used [0x00000000f5580000,0x00000000f5580000,0x00000000fe280000)
  from space 15360K, 46% used [0x00000000ff100000,0x00000000ff804930,0x0000000100000000)
  to   space 14848K, 0% used [0x00000000fe280000,0x00000000fe280000,0x00000000ff100000)
 ParOldGen       total 70656K, used 21914K [0x00000000e0000000, 0x00000000e4500000, 0x00000000f5580000)
  object space 70656K, 31% used [0x00000000e0000000,0x00000000e1566828,0x00000000e4500000)
 Metaspace       used 91921K, capacity 98393K, committed 98496K, reserved 1134592K
  class space    used 12588K, capacity 13082K, committed 13184K, reserved 1048576K
}
Event: 18.340 GC heap before
{Heap before GC invocations=20 (full 4):
 PSYoungGen      total 159744K, used 7186K [0x00000000f5580000, 0x0000000100000000, 0x0000000100000000)
  eden space 144384K, 0% used [0x00000000f5580000,0x00000000f5580000,0x00000000fe280000)
  from space 15360K, 46% used [0x00000000ff100000,0x00000000ff804930,0x0000000100000000)
  to   space 14848K, 0% used [0x00000000fe280000,0x00000000fe280000,0x00000000ff100000)
 ParOldGen       total 70656K, used 21914K [0x00000000e0000000, 0x00000000e4500000, 0x00000000f5580000)
  object space 70656K, 31% used [0x00000000e0000000,0x00000000e1566828,0x00000000e4500000)
 Metaspace       used 91921K, capacity 98393K, committed 98496K, reserved 1134592K
  class space    used 12588K, capacity 13082K, committed 13184K, reserved 1048576K
Event: 18.477 GC heap after
Heap after GC invocations=20 (full 4):
 PSYoungGen      total 159744K, used 0K [0x00000000f5580000, 0x0000000100000000, 0x0000000100000000)
  eden space 144384K, 0% used [0x00000000f5580000,0x00000000f5580000,0x00000000fe280000)
  from space 15360K, 0% used [0x00000000ff100000,0x00000000ff100000,0x0000000100000000)
  to   space 14848K, 0% used [0x00000000fe280000,0x00000000fe280000,0x00000000ff100000)
 ParOldGen       total 93184K, used 24629K [0x00000000e0000000, 0x00000000e5b00000, 0x00000000f5580000)
  object space 93184K, 26% used [0x00000000e0000000,0x00000000e180d7b8,0x00000000e5b00000)
 Metaspace       used 91921K, capacity 98393K, committed 98496K, reserved 1134592K
  class space    used 12588K, capacity 13082K, committed 13184K, reserved 1048576K
}
Event: 29.440 GC heap before
{Heap before GC invocations=21 (full 4):
 PSYoungGen      total 159744K, used 144384K [0x00000000f5580000, 0x0000000100000000, 0x0000000100000000)
  eden space 144384K, 100% used [0x00000000f5580000,0x00000000fe280000,0x00000000fe280000)
  from space 15360K, 0% used [0x00000000ff100000,0x00000000ff100000,0x0000000100000000)
  to   space 14848K, 0% used [0x00000000fe280000,0x00000000fe280000,0x00000000ff100000)
 ParOldGen       total 93184K, used 24644K [0x00000000e0000000, 0x00000000e5b00000, 0x00000000f5580000)
  object space 93184K, 26% used [0x00000000e0000000,0x00000000e1811208,0x00000000e5b00000)
 Metaspace       used 100937K, capacity 109633K, committed 109784K, reserved 1144832K
  class space    used 14025K, capacity 14733K, committed 14848K, reserved 1048576K
Event: 29.472 GC heap after
Heap after GC invocations=21 (full 4):
 PSYoungGen      total 159232K, used 10961K [0x00000000f5580000, 0x0000000100000000, 0x0000000100000000)
  eden space 144384K, 0% used [0x00000000f5580000,0x00000000f5580000,0x00000000fe280000)
  from space 14848K, 73% used [0x00000000fe280000,0x00000000fed34410,0x00000000ff100000)
  to   space 15360K, 0% used [0x00000000ff100000,0x00000000ff100000,0x0000000100000000)
 ParOldGen       total 93184K, used 24652K [0x00000000e0000000, 0x00000000e5b00000, 0x00000000f5580000)
  object space 93184K, 26% used [0x00000000e0000000,0x00000000e1813208,0x00000000e5b00000)
 Metaspace       used 100937K, capacity 109633K, committed 109784K, reserved 1144832K
  class space    used 14025K, capacity 14733K, committed 14848K, reserved 1048576K
}
Event: 45.852 GC heap before
{Heap before GC invocations=22 (full 4):
 PSYoungGen      total 159232K, used 155345K [0x00000000f5580000, 0x0000000100000000, 0x0000000100000000)
  eden space 144384K, 100% used [0x00000000f5580000,0x00000000fe280000,0x00000000fe280000)
  from space 14848K, 73% used [0x00000000fe280000,0x00000000fed34410,0x00000000ff100000)
  to   space 15360K, 0% used [0x00000000ff100000,0x00000000ff100000,0x0000000100000000)
 ParOldGen       total 93184K, used 24652K [0x00000000e0000000, 0x00000000e5b00000, 0x00000000f5580000)
  object space 93184K, 26% used [0x00000000e0000000,0x00000000e1813208,0x00000000e5b00000)
 Metaspace       used 106517K, capacity 116421K, committed 116696K, reserved 1150976K
  class space    used 14783K, capacity 15552K, committed 15616K, reserved 1048576K
Event: 45.909 GC heap after
Heap after GC invocations=22 (full 4):
 PSYoungGen      total 157184K, used 11922K [0x00000000f5580000, 0x0000000100000000, 0x0000000100000000)
  eden space 141824K, 0% used [0x00000000f5580000,0x00000000f5580000,0x00000000fe000000)
  from space 15360K, 77% used [0x00000000ff100000,0x00000000ffca4a08,0x0000000100000000)
  to   space 16384K, 0% used [0x00000000fe000000,0x00000000fe000000,0x00000000ff000000)
 ParOldGen       total 93184K, used 24660K [0x00000000e0000000, 0x00000000e5b00000, 0x00000000f5580000)
  object space 93184K, 26% used [0x00000000e0000000,0x00000000e1815208,0x00000000e5b00000)
 Metaspace       used 106517K, capacity 116421K, committed 116696K, reserved 1150976K
  class space    used 14783K, capacity 15552K, committed 15616K, reserved 1048576K
}

