# JRE version: OpenJDK Runtime Environment (8.0_292-b10) (build 1.8.0_292-8u292-b10-0ubuntu1~16.04.1-b10)
# Java VM: OpenJDK 64-Bit Server VM (25.292-b10 mixed mode linux-amd64 compressed oops)
Heap:
 PSYoungGen      total 115712K, used 7157K [0x00000000f5580000, 0x00000000fd100000, 0x0000000100000000)
  eden space 108544K, 0% used [0x00000000f5580000,0x00000000f5580000,0x00000000fbf80000)
  from space 7168K, 99% used [0x00000000fc300000,0x00000000fc9fd718,0x00000000fca00000)
  to   space 6656K, 0% used [0x00000000fca80000,0x00000000fca80000,0x00000000fd100000)
 ParOldGen       total 31744K, used 11405K [0x00000000e0000000, 0x00000000e1f00000, 0x00000000f5580000)
  object space 31744K, 35% used [0x00000000e0000000,0x00000000e0b23768,0x00000000e1f00000)
 Metaspace       used 47710K, capacity 50818K, committed 51160K, reserved 1093632K
  class space    used 6455K, capacity 6792K, committed 6912K, reserved 1048576K
GC Heap History (10 events):
Event: 26.917 GC heap after
Heap after GC invocations=12 (full 1):
 PSYoungGen      total 54784K, used 4145K [0x00000000f5580000, 0x00000000fa880000, 0x0000000100000000)
  eden space 50176K, 0% used [0x00000000f5580000,0x00000000f5580000,0x00000000f8680000)
  from space 4608K, 89% used [0x00000000f8680000,0x00000000f8a8c628,0x00000000f8b00000)
  to   space 5120K, 0% used [0x00000000fa380000,0x00000000fa380000,0x00000000fa880000)
 ParOldGen       total 25088K, used 5896K [0x00000000e0000000, 0x00000000e1880000, 0x00000000f5580000)
  object space 25088K, 23% used [0x00000000e0000000,0x00000000e05c2198,0x00000000e1880000)
 Metaspace       used 27495K, capacity 29068K, committed 29184K, reserved 1075200K
  class space    used 3863K, capacity 4066K, committed 4096K, reserved 1048576K
}
Event: 30.353 GC heap before
{Heap before GC invocations=13 (full 1):
 PSYoungGen      total 54784K, used 54321K [0x00000000f5580000, 0x00000000fa880000, 0x0000000100000000)
  eden space 50176K, 100% used [0x00000000f5580000,0x00000000f8680000,0x00000000f8680000)
  from space 4608K, 89% used [0x00000000f8680000,0x00000000f8a8c628,0x00000000f8b00000)
  to   space 5120K, 0% used [0x00000000fa380000,0x00000000fa380000,0x00000000fa880000)
 ParOldGen       total 25088K, used 5896K [0x00000000e0000000, 0x00000000e1880000, 0x00000000f5580000)
  object space 25088K, 23% used [0x00000000e0000000,0x00000000e05c2198,0x00000000e1880000)
 Metaspace       used 32972K, capacity 34922K, committed 35072K, reserved 1079296K
  class space    used 4638K, capacity 4861K, committed 4864K, reserved 1048576K
Event: 30.389 GC heap after
Heap after GC invocations=13 (full 1):
 PSYoungGen      total 78848K, used 5091K [0x00000000f5580000, 0x00000000fac00000, 0x0000000100000000)
  eden space 73728K, 0% used [0x00000000f5580000,0x00000000f5580000,0x00000000f9d80000)
  from space 5120K, 99% used [0x00000000fa380000,0x00000000fa878fb8,0x00000000fa880000)
  to   space 6144K, 0% used [0x00000000f9d80000,0x00000000f9d80000,0x00000000fa380000)
 ParOldGen       total 25088K, used 7545K [0x00000000e0000000, 0x00000000e1880000, 0x00000000f5580000)
  object space 25088K, 30% used [0x00000000e0000000,0x00000000e075e6a0,0x00000000e1880000)
 Metaspace       used 32972K, capacity 34922K, committed 35072K, reserved 1079296K
  class space    used 4638K, capacity 4861K, committed 4864K, reserved 1048576K
}
Event: 30.756 GC heap before
{Heap before GC invocations=14 (full 1):
 PSYoungGen      total 78848K, used 16344K [0x00000000f5580000, 0x00000000fac00000, 0x0000000100000000)
  eden space 73728K, 15% used [0x00000000f5580000,0x00000000f607d060,0x00000000f9d80000)
  from space 5120K, 99% used [0x00000000fa380000,0x00000000fa878fb8,0x00000000fa880000)
  to   space 6144K, 0% used [0x00000000f9d80000,0x00000000f9d80000,0x00000000fa380000)
 ParOldGen       total 25088K, used 7545K [0x00000000e0000000, 0x00000000e1880000, 0x00000000f5580000)
  object space 25088K, 30% used [0x00000000e0000000,0x00000000e075e6a0,0x00000000e1880000)
 Metaspace       used 33308K, capacity 35308K, committed 35416K, reserved 1079296K
  class space    used 4673K, capacity 4920K, committed 4992K, reserved 1048576K
Event: 30.763 GC heap after
Heap after GC invocations=14 (full 1):
 PSYoungGen      total 79872K, used 519K [0x00000000f5580000, 0x00000000fd100000, 0x0000000100000000)
  eden space 73728K, 0% used [0x00000000f5580000,0x00000000f5580000,0x00000000f9d80000)
  from space 6144K, 8% used [0x00000000f9d80000,0x00000000f9e01c70,0x00000000fa380000)
  to   space 6656K, 0% used [0x00000000fca80000,0x00000000fca80000,0x00000000fd100000)
 ParOldGen       total 25088K, used 9615K [0x00000000e0000000, 0x00000000e1880000, 0x00000000f5580000)
  object space 25088K, 38% used [0x00000000e0000000,0x00000000e0963f58,0x00000000e1880000)
 Metaspace       used 33308K, capacity 35308K, committed 35416K, reserved 1079296K
  class space    used 4673K, capacity 4920K, committed 4992K, reserved 1048576K
}
Event: 30.763 GC heap before
{Heap before GC invocations=15 (full 2):
 PSYoungGen      total 79872K, used 519K [0x00000000f5580000, 0x00000000fd100000, 0x0000000100000000)
  eden space 73728K, 0% used [0x00000000f5580000,0x00000000f5580000,0x00000000f9d80000)
  from space 6144K, 8% used [0x00000000f9d80000,0x00000000f9e01c70,0x00000000fa380000)
  to   space 6656K, 0% used [0x00000000fca80000,0x00000000fca80000,0x00000000fd100000)
 ParOldGen       total 25088K, used 9615K [0x00000000e0000000, 0x00000000e1880000, 0x00000000f5580000)
  object space 25088K, 38% used [0x00000000e0000000,0x00000000e0963f58,0x00000000e1880000)
 Metaspace       used 33308K, capacity 35308K, committed 35416K, reserved 1079296K
  class space    used 4673K, capacity 4920K, committed 4992K, reserved 1048576K
Event: 30.818 GC heap after
Heap after GC invocations=15 (full 2):
 PSYoungGen      total 79872K, used 0K [0x00000000f5580000, 0x00000000fd100000, 0x0000000100000000)
  eden space 73728K, 0% used [0x00000000f5580000,0x00000000f5580000,0x00000000f9d80000)
  from space 6144K, 0% used [0x00000000f9d80000,0x00000000f9d80000,0x00000000fa380000)
  to   space 6656K, 0% used [0x00000000fca80000,0x00000000fca80000,0x00000000fd100000)
 ParOldGen       total 31744K, used 8343K [0x00000000e0000000, 0x00000000e1f00000, 0x00000000f5580000)
  object space 31744K, 26% used [0x00000000e0000000,0x00000000e0825c30,0x00000000e1f00000)
 Metaspace       used 33302K, capacity 35296K, committed 35416K, reserved 1079296K
  class space    used 4671K, capacity 4916K, committed 4992K, reserved 1048576K
}
Event: 34.442 GC heap before
{Heap before GC invocations=16 (full 2):
 PSYoungGen      total 79872K, used 73728K [0x00000000f5580000, 0x00000000fd100000, 0x0000000100000000)
  eden space 73728K, 100% used [0x00000000f5580000,0x00000000f9d80000,0x00000000f9d80000)
  from space 6144K, 0% used [0x00000000f9d80000,0x00000000f9d80000,0x00000000fa380000)
  to   space 6656K, 0% used [0x00000000fca80000,0x00000000fca80000,0x00000000fd100000)
 ParOldGen       total 31744K, used 8343K [0x00000000e0000000, 0x00000000e1f00000, 0x00000000f5580000)
  object space 31744K, 26% used [0x00000000e0000000,0x00000000e0825c30,0x00000000e1f00000)
 Metaspace       used 40325K, capacity 42830K, committed 42968K, reserved 1087488K
  class space    used 5552K, capacity 5846K, committed 5888K, reserved 1048576K
Event: 34.469 GC heap after
Heap after GC invocations=16 (full 2):
 PSYoungGen      total 115200K, used 6278K [0x00000000f5580000, 0x00000000fd100000, 0x0000000100000000)
  eden space 108544K, 0% used [0x00000000f5580000,0x00000000f5580000,0x00000000fbf80000)
  from space 6656K, 94% used [0x00000000fca80000,0x00000000fd0a1aa8,0x00000000fd100000)
  to   space 7168K, 0% used [0x00000000fc300000,0x00000000fc300000,0x00000000fca00000)
 ParOldGen       total 31744K, used 8351K [0x00000000e0000000, 0x00000000e1f00000, 0x00000000f5580000)
  object space 31744K, 26% used [0x00000000e0000000,0x00000000e0827c30,0x00000000e1f00000)
 Metaspace       used 40325K, capacity 42830K, committed 42968K, reserved 1087488K
  class space    used 5552K, capacity 5846K, committed 5888K, reserved 1048576K
}
Event: 40.687 GC heap before
{Heap before GC invocations=17 (full 2):
 PSYoungGen      total 115200K, used 114822K [0x00000000f5580000, 0x00000000fd100000, 0x0000000100000000)
  eden space 108544K, 100% used [0x00000000f5580000,0x00000000fbf80000,0x00000000fbf80000)
  from space 6656K, 94% used [0x00000000fca80000,0x00000000fd0a1aa8,0x00000000fd100000)
  to   space 7168K, 0% used [0x00000000fc300000,0x00000000fc300000,0x00000000fca00000)
 ParOldGen       total 31744K, used 8351K [0x00000000e0000000, 0x00000000e1f00000, 0x00000000f5580000)
  object space 31744K, 26% used [0x00000000e0000000,0x00000000e0827c30,0x00000000e1f00000)
 Metaspace       used 47710K, capacity 50818K, committed 51160K, reserved 1093632K
  class space    used 6455K, capacity 6792K, committed 6912K, reserved 1048576K

