# JRE version: OpenJDK Runtime Environment (8.0_292-b10) (build 1.8.0_292-8u292-b10-0ubuntu1~16.04.1-b10)
# Java VM: OpenJDK 64-Bit Server VM (25.292-b10 mixed mode linux-amd64 compressed oops)
Heap:
 PSYoungGen      total 161280K, used 27918K [0x00000000f5580000, 0x0000000100000000, 0x0000000100000000)
  eden space 146944K, 14% used [0x00000000f5580000,0x00000000f6a57ee0,0x00000000fe500000)
  from space 14336K, 45% used [0x00000000ff200000,0x00000000ff86bc18,0x0000000100000000)
  to   space 13312K, 0% used [0x00000000fe500000,0x00000000fe500000,0x00000000ff200000)
 ParOldGen       total 78336K, used 31123K [0x00000000e0000000, 0x00000000e4c80000, 0x00000000f5580000)
  object space 78336K, 39% used [0x00000000e0000000,0x00000000e1e64f58,0x00000000e4c80000)
 Metaspace       used 108279K, capacity 118555K, committed 118592K, reserved 1153024K
  class space    used 14975K, capacity 15743K, committed 15744K, reserved 1048576K
GC Heap History (10 events):
Event: 35.516 GC heap before
{Heap before GC invocations=30 (full 3):
 PSYoungGen      total 136192K, used 84236K [0x00000000f5580000, 0x00000000fe780000, 0x0000000100000000)
  eden space 124928K, 61% used [0x00000000f5580000,0x00000000fa0e5b10,0x00000000fcf80000)
  from space 11264K, 62% used [0x00000000fdb00000,0x00000000fe1dd688,0x00000000fe600000)
  to   space 11776K, 0% used [0x00000000fcf80000,0x00000000fcf80000,0x00000000fdb00000)
 ParOldGen       total 55296K, used 20315K [0x00000000e0000000, 0x00000000e3600000, 0x00000000f5580000)
  object space 55296K, 36% used [0x00000000e0000000,0x00000000e13d6d48,0x00000000e3600000)
 Metaspace       used 91823K, capacity 98297K, committed 98496K, reserved 1134592K
  class space    used 12558K, capacity 13038K, committed 13056K, reserved 1048576K
Event: 35.541 GC heap after
Heap after GC invocations=30 (full 3):
 PSYoungGen      total 136704K, used 5712K [0x00000000f5580000, 0x00000000ffa80000, 0x0000000100000000)
  eden space 124928K, 0% used [0x00000000f5580000,0x00000000f5580000,0x00000000fcf80000)
  from space 11776K, 48% used [0x00000000fcf80000,0x00000000fd514190,0x00000000fdb00000)
  to   space 11264K, 0% used [0x00000000fef80000,0x00000000fef80000,0x00000000ffa80000)
 ParOldGen       total 55296K, used 22397K [0x00000000e0000000, 0x00000000e3600000, 0x00000000f5580000)
  object space 55296K, 40% used [0x00000000e0000000,0x00000000e15df420,0x00000000e3600000)
 Metaspace       used 91823K, capacity 98297K, committed 98496K, reserved 1134592K
  class space    used 12558K, capacity 13038K, committed 13056K, reserved 1048576K
}
Event: 35.541 GC heap before
{Heap before GC invocations=31 (full 4):
 PSYoungGen      total 136704K, used 5712K [0x00000000f5580000, 0x00000000ffa80000, 0x0000000100000000)
  eden space 124928K, 0% used [0x00000000f5580000,0x00000000f5580000,0x00000000fcf80000)
  from space 11776K, 48% used [0x00000000fcf80000,0x00000000fd514190,0x00000000fdb00000)
  to   space 11264K, 0% used [0x00000000fef80000,0x00000000fef80000,0x00000000ffa80000)
 ParOldGen       total 55296K, used 22397K [0x00000000e0000000, 0x00000000e3600000, 0x00000000f5580000)
  object space 55296K, 40% used [0x00000000e0000000,0x00000000e15df420,0x00000000e3600000)
 Metaspace       used 91823K, capacity 98297K, committed 98496K, reserved 1134592K
  class space    used 12558K, capacity 13038K, committed 13056K, reserved 1048576K
Event: 35.727 GC heap after
Heap after GC invocations=31 (full 4):
 PSYoungGen      total 136704K, used 0K [0x00000000f5580000, 0x00000000ffa80000, 0x0000000100000000)
  eden space 124928K, 0% used [0x00000000f5580000,0x00000000f5580000,0x00000000fcf80000)
  from space 11776K, 0% used [0x00000000fcf80000,0x00000000fcf80000,0x00000000fdb00000)
  to   space 11264K, 0% used [0x00000000fef80000,0x00000000fef80000,0x00000000ffa80000)
 ParOldGen       total 78336K, used 26925K [0x00000000e0000000, 0x00000000e4c80000, 0x00000000f5580000)
  object space 78336K, 34% used [0x00000000e0000000,0x00000000e1a4b5a8,0x00000000e4c80000)
 Metaspace       used 91820K, capacity 98291K, committed 98496K, reserved 1134592K
  class space    used 12557K, capacity 13037K, committed 13056K, reserved 1048576K
}
Event: 45.453 GC heap before
{Heap before GC invocations=32 (full 4):
 PSYoungGen      total 136704K, used 124928K [0x00000000f5580000, 0x00000000ffa80000, 0x0000000100000000)
  eden space 124928K, 100% used [0x00000000f5580000,0x00000000fcf80000,0x00000000fcf80000)
  from space 11776K, 0% used [0x00000000fcf80000,0x00000000fcf80000,0x00000000fdb00000)
  to   space 11264K, 0% used [0x00000000fef80000,0x00000000fef80000,0x00000000ffa80000)
 ParOldGen       total 78336K, used 26925K [0x00000000e0000000, 0x00000000e4c80000, 0x00000000f5580000)
  object space 78336K, 34% used [0x00000000e0000000,0x00000000e1a4b5a8,0x00000000e4c80000)
 Metaspace       used 100264K, capacity 108725K, committed 108864K, reserved 1142784K
  class space    used 13935K, capacity 14598K, committed 14720K, reserved 1048576K
Event: 45.480 GC heap after
Heap after GC invocations=32 (full 4):
 PSYoungGen      total 152064K, used 9622K [0x00000000f5580000, 0x00000000ff900000, 0x0000000100000000)
  eden space 142336K, 0% used [0x00000000f5580000,0x00000000f5580000,0x00000000fe080000)
  from space 9728K, 98% used [0x00000000fef80000,0x00000000ff8e5a50,0x00000000ff900000)
  to   space 12288K, 0% used [0x00000000fe100000,0x00000000fe100000,0x00000000fed00000)
 ParOldGen       total 78336K, used 26933K [0x00000000e0000000, 0x00000000e4c80000, 0x00000000f5580000)
  object space 78336K, 34% used [0x00000000e0000000,0x00000000e1a4d5a8,0x00000000e4c80000)
 Metaspace       used 100264K, capacity 108725K, committed 108864K, reserved 1142784K
  class space    used 13935K, capacity 14598K, committed 14720K, reserved 1048576K
}
Event: 47.445 GC heap before
{Heap before GC invocations=33 (full 4):
 PSYoungGen      total 152064K, used 151958K [0x00000000f5580000, 0x00000000ff900000, 0x0000000100000000)
  eden space 142336K, 100% used [0x00000000f5580000,0x00000000fe080000,0x00000000fe080000)
  from space 9728K, 98% used [0x00000000fef80000,0x00000000ff8e5a50,0x00000000ff900000)
  to   space 12288K, 0% used [0x00000000fe100000,0x00000000fe100000,0x00000000fed00000)
 ParOldGen       total 78336K, used 26933K [0x00000000e0000000, 0x00000000e4c80000, 0x00000000f5580000)
  object space 78336K, 34% used [0x00000000e0000000,0x00000000e1a4d5a8,0x00000000e4c80000)
 Metaspace       used 106095K, capacity 116015K, committed 116160K, reserved 1150976K
  class space    used 14805K, capacity 15535K, committed 15616K, reserved 1048576K
Event: 47.475 GC heap after
Heap after GC invocations=33 (full 4):
 PSYoungGen      total 155136K, used 12273K [0x00000000f5580000, 0x0000000100000000, 0x0000000100000000)
  eden space 142848K, 0% used [0x00000000f5580000,0x00000000f5580000,0x00000000fe100000)
  from space 12288K, 99% used [0x00000000fe100000,0x00000000fecfc750,0x00000000fed00000)
  to   space 14336K, 0% used [0x00000000ff200000,0x00000000ff200000,0x0000000100000000)
 ParOldGen       total 78336K, used 27006K [0x00000000e0000000, 0x00000000e4c80000, 0x00000000f5580000)
  object space 78336K, 34% used [0x00000000e0000000,0x00000000e1a5fb58,0x00000000e4c80000)
 Metaspace       used 106095K, capacity 116015K, committed 116160K, reserved 1150976K
  class space    used 14805K, capacity 15535K, committed 15616K, reserved 1048576K
}
Event: 65.594 GC heap before
{Heap before GC invocations=34 (full 4):
 PSYoungGen      total 155136K, used 155121K [0x00000000f5580000, 0x0000000100000000, 0x0000000100000000)
  eden space 142848K, 100% used [0x00000000f5580000,0x00000000fe100000,0x00000000fe100000)
  from space 12288K, 99% used [0x00000000fe100000,0x00000000fecfc750,0x00000000fed00000)
  to   space 14336K, 0% used [0x00000000ff200000,0x00000000ff200000,0x0000000100000000)
 ParOldGen       total 78336K, used 27006K [0x00000000e0000000, 0x00000000e4c80000, 0x00000000f5580000)
  object space 78336K, 34% used [0x00000000e0000000,0x00000000e1a5fb58,0x00000000e4c80000)
 Metaspace       used 108130K, capacity 118347K, committed 118592K, reserved 1153024K
  class space    used 14940K, capacity 15705K, committed 15744K, reserved 1048576K
Event: 65.642 GC heap after
Heap after GC invocations=34 (full 4):
 PSYoungGen      total 161280K, used 6575K [0x00000000f5580000, 0x0000000100000000, 0x0000000100000000)
  eden space 146944K, 0% used [0x00000000f5580000,0x00000000f5580000,0x00000000fe500000)
  from space 14336K, 45% used [0x00000000ff200000,0x00000000ff86bc18,0x0000000100000000)
  to   space 13312K, 0% used [0x00000000fe500000,0x00000000fe500000,0x00000000ff200000)
 ParOldGen       total 78336K, used 31123K [0x00000000e0000000, 0x00000000e4c80000, 0x00000000f5580000)
  object space 78336K, 39% used [0x00000000e0000000,0x00000000e1e64f58,0x00000000e4c80000)
 Metaspace       used 108130K, capacity 118347K, committed 118592K, reserved 1153024K
  class space    used 14940K, capacity 15705K, committed 15744K, reserved 1048576K
}

