# JRE version: OpenJDK Runtime Environment (8.0_292-b10) (build 1.8.0_292-8u292-b10-0ubuntu1~16.04.1-b10)
# Java VM: OpenJDK 64-Bit Server VM (25.292-b10 mixed mode linux-amd64 compressed oops)
Heap:
 PSYoungGen      total 148992K, used 77991K [0x00000000f5580000, 0x00000000ffe80000, 0x0000000100000000)
  eden space 138240K, 48% used [0x00000000f5580000,0x00000000f97743d0,0x00000000fdc80000)
  from space 10752K, 97% used [0x00000000fdc80000,0x00000000fe6b59b0,0x00000000fe700000)
  to   space 17408K, 0% used [0x00000000fed80000,0x00000000fed80000,0x00000000ffe80000)
 ParOldGen       total 96256K, used 24760K [0x00000000e0000000, 0x00000000e5e00000, 0x00000000f5580000)
  object space 96256K, 25% used [0x00000000e0000000,0x00000000e182e0c8,0x00000000e5e00000)
 Metaspace       used 102652K, capacity 111737K, committed 112076K, reserved 1146880K
  class space    used 14246K, capacity 14979K, committed 15092K, reserved 1048576K
GC Heap History (10 events):
Event: 14.733 GC heap before
{Heap before GC invocations=15 (full 3):
 PSYoungGen      total 158208K, used 157744K [0x00000000f5580000, 0x0000000100000000, 0x0000000100000000)
  eden space 145920K, 100% used [0x00000000f5580000,0x00000000fe400000,0x00000000fe400000)
  from space 12288K, 96% used [0x00000000fe400000,0x00000000fef8c238,0x00000000ff000000)
  to   space 15360K, 0% used [0x00000000ff100000,0x00000000ff100000,0x0000000100000000)
 ParOldGen       total 72192K, used 16675K [0x00000000e0000000, 0x00000000e4680000, 0x00000000f5580000)
  object space 72192K, 23% used [0x00000000e0000000,0x00000000e1048ef0,0x00000000e4680000)
 Metaspace       used 80129K, capacity 85023K, committed 85208K, reserved 1124352K
  class space    used 10801K, capacity 11245K, committed 11264K, reserved 1048576K
Event: 14.749 GC heap after
Heap after GC invocations=15 (full 3):
 PSYoungGen      total 156160K, used 14371K [0x00000000f5580000, 0x0000000100000000, 0x0000000100000000)
  eden space 140800K, 0% used [0x00000000f5580000,0x00000000f5580000,0x00000000fdf00000)
  from space 15360K, 93% used [0x00000000ff100000,0x00000000fff08dd0,0x0000000100000000)
  to   space 16896K, 0% used [0x00000000fdf00000,0x00000000fdf00000,0x00000000fef80000)
 ParOldGen       total 72192K, used 16675K [0x00000000e0000000, 0x00000000e4680000, 0x00000000f5580000)
  object space 72192K, 23% used [0x00000000e0000000,0x00000000e1048ef0,0x00000000e4680000)
 Metaspace       used 80129K, capacity 85023K, committed 85208K, reserved 1124352K
  class space    used 10801K, capacity 11245K, committed 11264K, reserved 1048576K
}
Event: 16.215 GC heap before
{Heap before GC invocations=16 (full 3):
 PSYoungGen      total 156160K, used 155171K [0x00000000f5580000, 0x0000000100000000, 0x0000000100000000)
  eden space 140800K, 100% used [0x00000000f5580000,0x00000000fdf00000,0x00000000fdf00000)
  from space 15360K, 93% used [0x00000000ff100000,0x00000000fff08dd0,0x0000000100000000)
  to   space 16896K, 0% used [0x00000000fdf00000,0x00000000fdf00000,0x00000000fef80000)
 ParOldGen       total 72192K, used 16675K [0x00000000e0000000, 0x00000000e4680000, 0x00000000f5580000)
  object space 72192K, 23% used [0x00000000e0000000,0x00000000e1048ef0,0x00000000e4680000)
 Metaspace       used 88548K, capacity 94671K, committed 94936K, reserved 1132544K
  class space    used 12025K, capacity 12510K, committed 12544K, reserved 1048576K
Event: 16.231 GC heap after
Heap after GC invocations=16 (full 3):
 PSYoungGen      total 155136K, used 14017K [0x00000000f5580000, 0x0000000100000000, 0x0000000100000000)
  eden space 140800K, 0% used [0x00000000f5580000,0x00000000f5580000,0x00000000fdf00000)
  from space 14336K, 97% used [0x00000000fdf00000,0x00000000fecb07c0,0x00000000fed00000)
  to   space 18432K, 0% used [0x00000000fee00000,0x00000000fee00000,0x0000000100000000)
 ParOldGen       total 72192K, used 16691K [0x00000000e0000000, 0x00000000e4680000, 0x00000000f5580000)
  object space 72192K, 23% used [0x00000000e0000000,0x00000000e104cef0,0x00000000e4680000)
 Metaspace       used 88548K, capacity 94671K, committed 94936K, reserved 1132544K
  class space    used 12025K, capacity 12510K, committed 12544K, reserved 1048576K
}
Event: 16.746 GC heap before
{Heap before GC invocations=17 (full 3):
 PSYoungGen      total 155136K, used 56628K [0x00000000f5580000, 0x0000000100000000, 0x0000000100000000)
  eden space 140800K, 30% used [0x00000000f5580000,0x00000000f7f1c9e0,0x00000000fdf00000)
  from space 14336K, 97% used [0x00000000fdf00000,0x00000000fecb07c0,0x00000000fed00000)
  to   space 18432K, 0% used [0x00000000fee00000,0x00000000fee00000,0x0000000100000000)
 ParOldGen       total 72192K, used 16691K [0x00000000e0000000, 0x00000000e4680000, 0x00000000f5580000)
  object space 72192K, 23% used [0x00000000e0000000,0x00000000e104cef0,0x00000000e4680000)
 Metaspace       used 91782K, capacity 98257K, committed 98380K, reserved 1134592K
  class space    used 12579K, capacity 13078K, committed 13172K, reserved 1048576K
Event: 16.763 GC heap after
Heap after GC invocations=17 (full 3):
 PSYoungGen      total 156672K, used 10095K [0x00000000f5580000, 0x0000000100000000, 0x0000000100000000)
  eden space 138240K, 0% used [0x00000000f5580000,0x00000000f5580000,0x00000000fdc80000)
  from space 18432K, 54% used [0x00000000fee00000,0x00000000ff7dbed8,0x0000000100000000)
  to   space 17920K, 0% used [0x00000000fdc80000,0x00000000fdc80000,0x00000000fee00000)
 ParOldGen       total 72192K, used 16699K [0x00000000e0000000, 0x00000000e4680000, 0x00000000f5580000)
  object space 72192K, 23% used [0x00000000e0000000,0x00000000e104eef0,0x00000000e4680000)
 Metaspace       used 91782K, capacity 98257K, committed 98380K, reserved 1134592K
  class space    used 12579K, capacity 13078K, committed 13172K, reserved 1048576K
}
Event: 16.763 GC heap before
{Heap before GC invocations=18 (full 4):
 PSYoungGen      total 156672K, used 10095K [0x00000000f5580000, 0x0000000100000000, 0x0000000100000000)
  eden space 138240K, 0% used [0x00000000f5580000,0x00000000f5580000,0x00000000fdc80000)
  from space 18432K, 54% used [0x00000000fee00000,0x00000000ff7dbed8,0x0000000100000000)
  to   space 17920K, 0% used [0x00000000fdc80000,0x00000000fdc80000,0x00000000fee00000)
 ParOldGen       total 72192K, used 16699K [0x00000000e0000000, 0x00000000e4680000, 0x00000000f5580000)
  object space 72192K, 23% used [0x00000000e0000000,0x00000000e104eef0,0x00000000e4680000)
 Metaspace       used 91782K, capacity 98257K, committed 98380K, reserved 1134592K
  class space    used 12579K, capacity 13078K, committed 13172K, reserved 1048576K
Event: 16.899 GC heap after
Heap after GC invocations=18 (full 4):
 PSYoungGen      total 156672K, used 0K [0x00000000f5580000, 0x0000000100000000, 0x0000000100000000)
  eden space 138240K, 0% used [0x00000000f5580000,0x00000000f5580000,0x00000000fdc80000)
  from space 18432K, 0% used [0x00000000fee00000,0x00000000fee00000,0x0000000100000000)
  to   space 17920K, 0% used [0x00000000fdc80000,0x00000000fdc80000,0x00000000fee00000)
 ParOldGen       total 96256K, used 24752K [0x00000000e0000000, 0x00000000e5e00000, 0x00000000f5580000)
  object space 96256K, 25% used [0x00000000e0000000,0x00000000e182c0c8,0x00000000e5e00000)
 Metaspace       used 91782K, capacity 98257K, committed 98380K, reserved 1134592K
  class space    used 12579K, capacity 13078K, committed 13172K, reserved 1048576K
}
Event: 23.473 GC heap before
{Heap before GC invocations=19 (full 4):
 PSYoungGen      total 156672K, used 138240K [0x00000000f5580000, 0x0000000100000000, 0x0000000100000000)
  eden space 138240K, 100% used [0x00000000f5580000,0x00000000fdc80000,0x00000000fdc80000)
  from space 18432K, 0% used [0x00000000fee00000,0x00000000fee00000,0x0000000100000000)
  to   space 17920K, 0% used [0x00000000fdc80000,0x00000000fdc80000,0x00000000fee00000)
 ParOldGen       total 96256K, used 24752K [0x00000000e0000000, 0x00000000e5e00000, 0x00000000f5580000)
  object space 96256K, 25% used [0x00000000e0000000,0x00000000e182c0c8,0x00000000e5e00000)
 Metaspace       used 100430K, capacity 109073K, committed 109132K, reserved 1144832K
  class space    used 13971K, capacity 14672K, committed 14708K, reserved 1048576K
Event: 23.495 GC heap after
Heap after GC invocations=19 (full 4):
 PSYoungGen      total 148992K, used 10454K [0x00000000f5580000, 0x00000000ffe80000, 0x0000000100000000)
  eden space 138240K, 0% used [0x00000000f5580000,0x00000000f5580000,0x00000000fdc80000)
  from space 10752K, 97% used [0x00000000fdc80000,0x00000000fe6b59b0,0x00000000fe700000)
  to   space 17408K, 0% used [0x00000000fed80000,0x00000000fed80000,0x00000000ffe80000)
 ParOldGen       total 96256K, used 24760K [0x00000000e0000000, 0x00000000e5e00000, 0x00000000f5580000)
  object space 96256K, 25% used [0x00000000e0000000,0x00000000e182e0c8,0x00000000e5e00000)
 Metaspace       used 100430K, capacity 109073K, committed 109132K, reserved 1144832K
  class space    used 13971K, capacity 14672K, committed 14708K, reserved 1048576K
}

