# JRE version: OpenJDK Runtime Environment (8.0_292-b10) (build 1.8.0_292-8u292-b10-0ubuntu1~16.04.1-b10)
# Java VM: OpenJDK 64-Bit Server VM (25.292-b10 mixed mode linux-amd64 compressed oops)
Heap:
 PSYoungGen      total 158208K, used 0K [0x00000000f5580000, 0x0000000100000000, 0x0000000100000000)
  eden space 142848K, 0% used [0x00000000f5580000,0x00000000f5580000,0x00000000fe100000)
  from space 15360K, 0% used [0x00000000ff100000,0x00000000ff100000,0x0000000100000000)
  to   space 15872K, 0% used [0x00000000fe100000,0x00000000fe100000,0x00000000ff080000)
 ParOldGen       total 57344K, used 23710K [0x00000000e0000000, 0x00000000e3800000, 0x00000000f5580000)
  object space 57344K, 41% used [0x00000000e0000000,0x00000000e1727ac0,0x00000000e3800000)
 Metaspace       used 91966K, capacity 98341K, committed 98380K, reserved 1134592K
  class space    used 12580K, capacity 13036K, committed 13056K, reserved 1048576K
GC Heap History (10 events):
Event: 11.678 GC heap after
Heap after GC invocations=13 (full 3):
 PSYoungGen      total 157184K, used 0K [0x00000000f5580000, 0x0000000100000000, 0x0000000100000000)
  eden space 146944K, 0% used [0x00000000f5580000,0x00000000f5580000,0x00000000fe500000)
  from space 10240K, 0% used [0x00000000ff600000,0x00000000ff600000,0x0000000100000000)
  to   space 13824K, 0% used [0x00000000fe500000,0x00000000fe500000,0x00000000ff280000)
 ParOldGen       total 57344K, used 15829K [0x00000000e0000000, 0x00000000e3800000, 0x00000000f5580000)
  object space 57344K, 27% used [0x00000000e0000000,0x00000000e0f75720,0x00000000e3800000)
 Metaspace       used 55714K, capacity 58875K, committed 59028K, reserved 1099776K
  class space    used 7498K, capacity 7817K, committed 7936K, reserved 1048576K
}
Event: 14.402 GC heap before
{Heap before GC invocations=14 (full 3):
 PSYoungGen      total 157184K, used 146944K [0x00000000f5580000, 0x0000000100000000, 0x0000000100000000)
  eden space 146944K, 100% used [0x00000000f5580000,0x00000000fe500000,0x00000000fe500000)
  from space 10240K, 0% used [0x00000000ff600000,0x00000000ff600000,0x0000000100000000)
  to   space 13824K, 0% used [0x00000000fe500000,0x00000000fe500000,0x00000000ff280000)
 ParOldGen       total 57344K, used 15829K [0x00000000e0000000, 0x00000000e3800000, 0x00000000f5580000)
  object space 57344K, 27% used [0x00000000e0000000,0x00000000e0f75720,0x00000000e3800000)
 Metaspace       used 65975K, capacity 69749K, committed 69848K, reserved 1110016K
  class space    used 8790K, capacity 9159K, committed 9216K, reserved 1048576K
Event: 14.417 GC heap after
Heap after GC invocations=14 (full 3):
 PSYoungGen      total 158720K, used 11498K [0x00000000f5580000, 0x0000000100000000, 0x0000000100000000)
  eden space 146944K, 0% used [0x00000000f5580000,0x00000000f5580000,0x00000000fe500000)
  from space 11776K, 97% used [0x00000000fe500000,0x00000000ff03a810,0x00000000ff080000)
  to   space 14848K, 0% used [0x00000000ff180000,0x00000000ff180000,0x0000000100000000)
 ParOldGen       total 57344K, used 15829K [0x00000000e0000000, 0x00000000e3800000, 0x00000000f5580000)
  object space 57344K, 27% used [0x00000000e0000000,0x00000000e0f75720,0x00000000e3800000)
 Metaspace       used 65975K, capacity 69749K, committed 69848K, reserved 1110016K
  class space    used 8790K, capacity 9159K, committed 9216K, reserved 1048576K
}
Event: 16.457 GC heap before
{Heap before GC invocations=15 (full 3):
 PSYoungGen      total 158720K, used 158442K [0x00000000f5580000, 0x0000000100000000, 0x0000000100000000)
  eden space 146944K, 100% used [0x00000000f5580000,0x00000000fe500000,0x00000000fe500000)
  from space 11776K, 97% used [0x00000000fe500000,0x00000000ff03a810,0x00000000ff080000)
  to   space 14848K, 0% used [0x00000000ff180000,0x00000000ff180000,0x0000000100000000)
 ParOldGen       total 57344K, used 15829K [0x00000000e0000000, 0x00000000e3800000, 0x00000000f5580000)
  object space 57344K, 27% used [0x00000000e0000000,0x00000000e0f75720,0x00000000e3800000)
 Metaspace       used 80214K, capacity 84903K, committed 84952K, reserved 1122304K
  class space    used 10782K, capacity 11217K, committed 11264K, reserved 1048576K
Event: 16.471 GC heap after
Heap after GC invocations=15 (full 3):
 PSYoungGen      total 157696K, used 12065K [0x00000000f5580000, 0x0000000100000000, 0x0000000100000000)
  eden space 142848K, 0% used [0x00000000f5580000,0x00000000f5580000,0x00000000fe100000)
  from space 14848K, 81% used [0x00000000ff180000,0x00000000ffd48540,0x0000000100000000)
  to   space 15872K, 0% used [0x00000000fe100000,0x00000000fe100000,0x00000000ff080000)
 ParOldGen       total 57344K, used 18060K [0x00000000e0000000, 0x00000000e3800000, 0x00000000f5580000)
  object space 57344K, 31% used [0x00000000e0000000,0x00000000e11a32c0,0x00000000e3800000)
 Metaspace       used 80214K, capacity 84903K, committed 84952K, reserved 1122304K
  class space    used 10782K, capacity 11217K, committed 11264K, reserved 1048576K
}
Event: 19.734 GC heap before
{Heap before GC invocations=16 (full 3):
 PSYoungGen      total 157696K, used 154913K [0x00000000f5580000, 0x0000000100000000, 0x0000000100000000)
  eden space 142848K, 100% used [0x00000000f5580000,0x00000000fe100000,0x00000000fe100000)
  from space 14848K, 81% used [0x00000000ff180000,0x00000000ffd48540,0x0000000100000000)
  to   space 15872K, 0% used [0x00000000fe100000,0x00000000fe100000,0x00000000ff080000)
 ParOldGen       total 57344K, used 18060K [0x00000000e0000000, 0x00000000e3800000, 0x00000000f5580000)
  object space 57344K, 31% used [0x00000000e0000000,0x00000000e11a32c0,0x00000000e3800000)
 Metaspace       used 89180K, capacity 95269K, committed 95448K, reserved 1132544K
  class space    used 12226K, capacity 12695K, committed 12800K, reserved 1048576K
Event: 19.755 GC heap after
Heap after GC invocations=16 (full 3):
 PSYoungGen      total 158720K, used 9423K [0x00000000f5580000, 0x0000000100000000, 0x0000000100000000)
  eden space 142848K, 0% used [0x00000000f5580000,0x00000000f5580000,0x00000000fe100000)
  from space 15872K, 59% used [0x00000000fe100000,0x00000000fea33d88,0x00000000ff080000)
  to   space 15360K, 0% used [0x00000000ff100000,0x00000000ff100000,0x0000000100000000)
 ParOldGen       total 57344K, used 20633K [0x00000000e0000000, 0x00000000e3800000, 0x00000000f5580000)
  object space 57344K, 35% used [0x00000000e0000000,0x00000000e1426568,0x00000000e3800000)
 Metaspace       used 89180K, capacity 95269K, committed 95448K, reserved 1132544K
  class space    used 12226K, capacity 12695K, committed 12800K, reserved 1048576K
}
Event: 22.534 GC heap before
{Heap before GC invocations=17 (full 3):
 PSYoungGen      total 158720K, used 47262K [0x00000000f5580000, 0x0000000100000000, 0x0000000100000000)
  eden space 142848K, 26% used [0x00000000f5580000,0x00000000f7a73d38,0x00000000fe100000)
  from space 15872K, 59% used [0x00000000fe100000,0x00000000fea33d88,0x00000000ff080000)
  to   space 15360K, 0% used [0x00000000ff100000,0x00000000ff100000,0x0000000100000000)
 ParOldGen       total 57344K, used 20633K [0x00000000e0000000, 0x00000000e3800000, 0x00000000f5580000)
  object space 57344K, 35% used [0x00000000e0000000,0x00000000e1426568,0x00000000e3800000)
 Metaspace       used 91966K, capacity 98341K, committed 98380K, reserved 1134592K
  class space    used 12580K, capacity 13036K, committed 13056K, reserved 1048576K
Event: 22.544 GC heap after
Heap after GC invocations=17 (full 3):
 PSYoungGen      total 158208K, used 2747K [0x00000000f5580000, 0x0000000100000000, 0x0000000100000000)
  eden space 142848K, 0% used [0x00000000f5580000,0x00000000f5580000,0x00000000fe100000)
  from space 15360K, 17% used [0x00000000ff100000,0x00000000ff3aed80,0x0000000100000000)
  to   space 15872K, 0% used [0x00000000fe100000,0x00000000fe100000,0x00000000ff080000)
 ParOldGen       total 57344K, used 22726K [0x00000000e0000000, 0x00000000e3800000, 0x00000000f5580000)
  object space 57344K, 39% used [0x00000000e0000000,0x00000000e16318f0,0x00000000e3800000)
 Metaspace       used 91966K, capacity 98341K, committed 98380K, reserved 1134592K
  class space    used 12580K, capacity 13036K, committed 13056K, reserved 1048576K
}
Event: 22.544 GC heap before
{Heap before GC invocations=18 (full 4):
 PSYoungGen      total 158208K, used 2747K [0x00000000f5580000, 0x0000000100000000, 0x0000000100000000)
  eden space 142848K, 0% used [0x00000000f5580000,0x00000000f5580000,0x00000000fe100000)
  from space 15360K, 17% used [0x00000000ff100000,0x00000000ff3aed80,0x0000000100000000)
  to   space 15872K, 0% used [0x00000000fe100000,0x00000000fe100000,0x00000000ff080000)
 ParOldGen       total 57344K, used 22726K [0x00000000e0000000, 0x00000000e3800000, 0x00000000f5580000)
  object space 57344K, 39% used [0x00000000e0000000,0x00000000e16318f0,0x00000000e3800000)
 Metaspace       used 91966K, capacity 98341K, committed 98380K, reserved 1134592K
  class space    used 12580K, capacity 13036K, committed 13056K, reserved 1048576K

